<?xml version="1.0" encoding="UTF-8"?>
<!-- Generated by org.testng.reporters.JUnitReportReporter -->
<testsuite hostname="Dharini" failures="0" tests="7" name="srinivasTestng.TestAnnotation" time="0.003" errors="0" timestamp="2023-06-29T22:59:23 EDT" skipped="0">
  <testcase classname="srinivasTestng.TestAnnotation" name="testcase1" time="0.001"/>
  <testcase classname="srinivasTestng.TestAnnotation" name="testcase2" time="0.001"/>
  <testcase classname="srinivasTestng.TestAnnotation" name="testcase3" time="0.000"/>
  <testcase classname="srinivasTestng.TestAnnotation" name="testcase3" time="0.001"/>
  <testcase classname="srinivasTestng.TestAnnotation" name="testcase3" time="0.000"/>
  <testcase classname="srinivasTestng.TestAnnotation" name="testcase4" time="0.000"/>
  <testcase classname="srinivasTestng.TestAnnotation" name="testcase5" time="0.000"/>
</testsuite> <!-- srinivasTestng.TestAnnotation -->
