<?xml version="1.0" encoding="UTF-8"?>
<!-- Generated by org.testng.reporters.JUnitReportReporter -->
<testsuite hostname="Dharini" failures="0" tests="3" name="advancedSrini.pom.testsuites.SampleApp" time="32.216" errors="0" timestamp="2023-07-01T19:22:51 EDT" skipped="0">
  <testcase classname="advancedSrini.pom.testsuites.SampleApp" name="createAnAccount" time="10.772"/>
  <testcase classname="advancedSrini.pom.testsuites.SampleApp" name="signInApp" time="13.036"/>
  <testcase classname="advancedSrini.pom.testsuites.SampleApp" name="searchDress" time="8.408"/>
</testsuite> <!-- advancedSrini.pom.testsuites.SampleApp -->
