<?xml version="1.0" encoding="UTF-8"?>
<!-- Generated by org.testng.reporters.JUnitReportReporter -->
<testsuite hostname="Dharini" failures="0" tests="5" name="srinivasTestng.GroupingTests" time="6.066" errors="0" timestamp="2023-06-29T23:44:35 EDT" skipped="0">
  <testcase classname="srinivasTestng.GroupingTests" name="launchBrowser" time="2.409"/>
  <testcase classname="srinivasTestng.GroupingTests" name="searchDress" time="3.550"/>
  <testcase classname="srinivasTestng.GroupingTests" name="addToCart" time="0.001"/>
  <testcase classname="srinivasTestng.GroupingTests" name="processPayment" time="0.000"/>
  <testcase classname="srinivasTestng.GroupingTests" name="closeBrowser" time="0.106"/>
</testsuite> <!-- srinivasTestng.GroupingTests -->
