<?xml version="1.0" encoding="UTF-8"?>
<!-- Generated by org.testng.reporters.JUnitReportReporter -->
<testsuite hostname="Dharini" failures="0" tests="3" name="srinivasTestng.TestAnnotationWithSel" time="5.957" errors="0" timestamp="2023-07-03T20:31:26 EDT" skipped="0">
  <testcase classname="srinivasTestng.TestAnnotationWithSel" name="launchBrowser" time="2.368"/>
  <testcase classname="srinivasTestng.TestAnnotationWithSel" name="searchDress" time="3.481"/>
  <testcase classname="srinivasTestng.TestAnnotationWithSel" name="closeBrowser" time="0.108"/>
</testsuite> <!-- srinivasTestng.TestAnnotationWithSel -->
