<?xml version="1.0" encoding="UTF-8"?>
<!-- Generated by org.testng.reporters.JUnitReportReporter -->
<testsuite hostname="Dharini" failures="0" tests="5" name="srinivasTestng.DependentMethods" time="0.005" errors="0" timestamp="2023-06-29T22:59:23 EDT" skipped="0">
  <testcase classname="srinivasTestng.DependentMethods" name="launchBrowser" time="0.001"/>
  <testcase classname="srinivasTestng.DependentMethods" name="search" time="0.000"/>
  <testcase classname="srinivasTestng.DependentMethods" name="addToCart" time="0.000"/>
  <testcase classname="srinivasTestng.DependentMethods" name="purchase" time="0.003"/>
  <testcase classname="srinivasTestng.DependentMethods" name="closeBrowser" time="0.001"/>
</testsuite> <!-- srinivasTestng.DependentMethods -->
