<?xml version="1.0" encoding="UTF-8"?>
<!-- Generated by org.testng.reporters.JUnitReportReporter -->
<testsuite hostname="Dharini" failures="0" tests="3" name="seleniumSrinivas.TestAnnotationWithSel" time="6.703" errors="0" timestamp="2023-06-29T12:41:34 EDT" skipped="0">
  <testcase classname="seleniumSrinivas.TestAnnotationWithSel" name="launchBrowser" time="2.799"/>
  <testcase classname="seleniumSrinivas.TestAnnotationWithSel" name="searchDress" time="3.726"/>
  <testcase classname="seleniumSrinivas.TestAnnotationWithSel" name="closeBrowser" time="0.178"/>
</testsuite> <!-- seleniumSrinivas.TestAnnotationWithSel -->
