<?xml version="1.0" encoding="UTF-8"?>
<!-- Generated by org.testng.reporters.JUnitReportReporter -->
<testsuite hostname="Dharini" failures="0" tests="5" name="datadrivenframework.LoginExcel" time="23.715" errors="0" timestamp="2023-06-20T21:36:32 EDT" skipped="0">
  <testcase classname="datadrivenframework.LoginExcel" name="testLoginWithValidCredentials" time="4.639"/>
  <testcase classname="datadrivenframework.LoginExcel" name="testLoginWithValidCredentials" time="4.871"/>
  <testcase classname="datadrivenframework.LoginExcel" name="testLoginWithValidCredentials" time="4.632"/>
  <testcase classname="datadrivenframework.LoginExcel" name="testLoginWithValidCredentials" time="4.408"/>
  <testcase classname="datadrivenframework.LoginExcel" name="testLoginWithValidCredentials" time="5.165"/>
</testsuite> <!-- datadrivenframework.LoginExcel -->
