<?xml version="1.0" encoding="UTF-8"?>
<!-- Generated by org.testng.reporters.JUnitReportReporter -->
<testsuite hostname="Dharini" failures="0" tests="3" name="srinivasTestng.LoggingTxtXml" time="8.456" errors="0" timestamp="2023-07-02T21:06:04 EDT" skipped="0">
  <testcase classname="srinivasTestng.LoggingTxtXml" name="launchBrowser" time="2.409"/>
  <testcase classname="srinivasTestng.LoggingTxtXml" name="searchDress" time="5.932"/>
  <testcase classname="srinivasTestng.LoggingTxtXml" name="closeBrowser" time="0.115"/>
</testsuite> <!-- srinivasTestng.LoggingTxtXml -->
