<?xml version="1.0" encoding="UTF-8"?>
<!-- Generated by org.testng.reporters.JUnitReportReporter -->
<testsuite hostname="Dharini" failures="0" tests="6" name="srinivasTestng.DataProviderParameter" time="16.602" errors="0" timestamp="2023-06-30T17:53:18 EDT" skipped="0">
  <testcase classname="srinivasTestng.DataProviderParameter" name="launchBrowser" time="2.336"/>
  <testcase classname="srinivasTestng.DataProviderParameter" name="searchDress" time="3.473"/>
  <testcase classname="srinivasTestng.DataProviderParameter" name="searchDress" time="3.109"/>
  <testcase classname="srinivasTestng.DataProviderParameter" name="searchDress" time="3.887"/>
  <testcase classname="srinivasTestng.DataProviderParameter" name="searchDress" time="3.679"/>
  <testcase classname="srinivasTestng.DataProviderParameter" name="closeBrowser" time="0.118"/>
</testsuite> <!-- srinivasTestng.DataProviderParameter -->
