<?xml version="1.0" encoding="UTF-8"?>
<!-- Generated by org.testng.reporters.JUnitReportReporter -->
<testsuite hostname="Dharini" failures="0" tests="6" name="seleniumSrinivas.DataParamSrini" time="17.778" errors="0" timestamp="2023-07-01T21:47:54 EDT" skipped="0">
  <testcase classname="seleniumSrinivas.DataParamSrini" name="launchBrowser" time="3.587"/>
  <testcase classname="seleniumSrinivas.DataParamSrini" name="searchDress" time="3.214"/>
  <testcase classname="seleniumSrinivas.DataParamSrini" name="searchDress" time="3.202"/>
  <testcase classname="seleniumSrinivas.DataParamSrini" name="searchDress" time="3.659"/>
  <testcase classname="seleniumSrinivas.DataParamSrini" name="searchDress" time="3.871"/>
  <testcase classname="seleniumSrinivas.DataParamSrini" name="closeBrowser" time="0.245"/>
</testsuite> <!-- seleniumSrinivas.DataParamSrini -->
