<?xml version="1.0" encoding="UTF-8"?>
<!-- Generated by org.testng.reporters.JUnitReportReporter -->
<testsuite hostname="Dharini" failures="0" tests="3" name="srinivasTestng.XMLParameterization" time="5.875" errors="0" timestamp="2023-06-30T00:08:01 EDT" skipped="0">
  <testcase classname="srinivasTestng.XMLParameterization" name="launchBrowser" time="2.110"/>
  <testcase classname="srinivasTestng.XMLParameterization" name="searchDress" time="3.658"/>
  <testcase classname="srinivasTestng.XMLParameterization" name="closeBrowser" time="0.107"/>
</testsuite> <!-- srinivasTestng.XMLParameterization -->
